<?xml version="1.0" encoding="UTF-8"?>
<!-- Generated by org.testng.reporters.JUnitReportReporter -->
<testsuite hostname="Fady" name="com.FCI.SWE.Controller.ControllerTest" tests="1" failures="0" timestamp="9 May 2015 12:12:10 GMT" time="0.001" errors="0">
  <testcase name="f" time="0.001" classname="com.FCI.SWE.Controller.ControllerTest"/>
</testsuite> <!-- com.FCI.SWE.Controller.ControllerTest -->
